# JRE version: OpenJDK Runtime Environment Microsoft-8035246 (17.0.8+7) (build 17.0.8+7-LTS)
# Java VM: OpenJDK 64-Bit Server VM Microsoft-8035246 (17.0.8+7-LTS, mixed mode, sharing, tiered, compressed oops, compressed class ptrs, g1 gc, windows-amd64)
GC Precious Log:
 CPUs: 8 total, 8 available
 Memory: 16227M
 Large Page Support: Disabled
 NUMA Support: Disabled
 Compressed Oops: Enabled (32-bit)
 Heap Region Size: 1M
 Heap Min Capacity: 8M
 Heap Initial Capacity: 254M
 Heap Max Capacity: 2G
 Pre-touch: Disabled
 Parallel Workers: 8
 Concurrent Workers: 2
 Concurrent Refinement Workers: 8
 Periodic GC: Disabled
Heap:
 garbage-first heap   total 221184K, used 174104K [0x0000000080000000, 0x0000000100000000)
  region size 1024K, 47 young (48128K), 6 survivors (6144K)
 Metaspace       used 97853K, committed 98688K, reserved 557056K
  class space    used 13521K, committed 13952K, reserved 425984K
GC Heap History (20 events):
Event: 42.450 GC heap before
{Heap before GC invocations=48 (full 0):
 garbage-first heap   total 153600K, used 137714K [0x0000000080000000, 0x0000000100000000)
  region size 1024K, 21 young (21504K), 2 survivors (2048K)
 Metaspace       used 93583K, committed 94400K, reserved 557056K
  class space    used 13081K, committed 13440K, reserved 425984K
}
Event: 42.454 GC heap after
{Heap after GC invocations=49 (full 0):
 garbage-first heap   total 153600K, used 116280K [0x0000000080000000, 0x0000000100000000)
  region size 1024K, 3 young (3072K), 3 survivors (3072K)
 Metaspace       used 93583K, committed 94400K, reserved 557056K
  class space    used 13081K, committed 13440K, reserved 425984K
}
Event: 42.613 GC heap before
{Heap before GC invocations=49 (full 0):
 garbage-first heap   total 153600K, used 135736K [0x0000000080000000, 0x0000000100000000)
  region size 1024K, 19 young (19456K), 3 survivors (3072K)
 Metaspace       used 93636K, committed 94400K, reserved 557056K
  class space    used 13083K, committed 13440K, reserved 425984K
}
Event: 42.618 GC heap after
{Heap after GC invocations=50 (full 0):
 garbage-first heap   total 153600K, used 117854K [0x0000000080000000, 0x0000000100000000)
  region size 1024K, 2 young (2048K), 2 survivors (2048K)
 Metaspace       used 93636K, committed 94400K, reserved 557056K
  class space    used 13083K, committed 13440K, reserved 425984K
}
Event: 42.849 GC heap before
{Heap before GC invocations=50 (full 0):
 garbage-first heap   total 153600K, used 135262K [0x0000000080000000, 0x0000000100000000)
  region size 1024K, 16 young (16384K), 2 survivors (2048K)
 Metaspace       used 93706K, committed 94464K, reserved 557056K
  class space    used 13085K, committed 13440K, reserved 425984K
}
Event: 42.852 GC heap after
{Heap after GC invocations=51 (full 0):
 garbage-first heap   total 153600K, used 119115K [0x0000000080000000, 0x0000000100000000)
  region size 1024K, 2 young (2048K), 2 survivors (2048K)
 Metaspace       used 93706K, committed 94464K, reserved 557056K
  class space    used 13085K, committed 13440K, reserved 425984K
}
Event: 43.000 GC heap before
{Heap before GC invocations=51 (full 0):
 garbage-first heap   total 153600K, used 134475K [0x0000000080000000, 0x0000000100000000)
  region size 1024K, 15 young (15360K), 2 survivors (2048K)
 Metaspace       used 93785K, committed 94592K, reserved 557056K
  class space    used 13097K, committed 13504K, reserved 425984K
}
Event: 43.004 GC heap after
{Heap after GC invocations=52 (full 0):
 garbage-first heap   total 184320K, used 120364K [0x0000000080000000, 0x0000000100000000)
  region size 1024K, 2 young (2048K), 2 survivors (2048K)
 Metaspace       used 93785K, committed 94592K, reserved 557056K
  class space    used 13097K, committed 13504K, reserved 425984K
}
Event: 43.336 GC heap before
{Heap before GC invocations=52 (full 0):
 garbage-first heap   total 184320K, used 163372K [0x0000000080000000, 0x0000000100000000)
  region size 1024K, 38 young (38912K), 2 survivors (2048K)
 Metaspace       used 93938K, committed 94720K, reserved 557056K
  class space    used 13105K, committed 13504K, reserved 425984K
}
Event: 43.340 GC heap after
{Heap after GC invocations=53 (full 0):
 garbage-first heap   total 184320K, used 122697K [0x0000000080000000, 0x0000000100000000)
  region size 1024K, 4 young (4096K), 4 survivors (4096K)
 Metaspace       used 93938K, committed 94720K, reserved 557056K
  class space    used 13105K, committed 13504K, reserved 425984K
}
Event: 43.614 GC heap before
{Heap before GC invocations=53 (full 0):
 garbage-first heap   total 184320K, used 164681K [0x0000000080000000, 0x0000000100000000)
  region size 1024K, 38 young (38912K), 4 survivors (4096K)
 Metaspace       used 94126K, committed 94912K, reserved 557056K
  class space    used 13138K, committed 13504K, reserved 425984K
}
Event: 43.619 GC heap after
{Heap after GC invocations=54 (full 0):
 garbage-first heap   total 184320K, used 125278K [0x0000000080000000, 0x0000000100000000)
  region size 1024K, 5 young (5120K), 5 survivors (5120K)
 Metaspace       used 94126K, committed 94912K, reserved 557056K
  class space    used 13138K, committed 13504K, reserved 425984K
}
Event: 43.855 GC heap before
{Heap before GC invocations=54 (full 0):
 garbage-first heap   total 184320K, used 161118K [0x0000000080000000, 0x0000000100000000)
  region size 1024K, 37 young (37888K), 5 survivors (5120K)
 Metaspace       used 94168K, committed 94912K, reserved 557056K
  class space    used 13139K, committed 13504K, reserved 425984K
}
Event: 43.863 GC heap after
{Heap after GC invocations=55 (full 0):
 garbage-first heap   total 184320K, used 127634K [0x0000000080000000, 0x0000000100000000)
  region size 1024K, 5 young (5120K), 5 survivors (5120K)
 Metaspace       used 94168K, committed 94912K, reserved 557056K
  class space    used 13139K, committed 13504K, reserved 425984K
}
Event: 44.181 GC heap before
{Heap before GC invocations=55 (full 0):
 garbage-first heap   total 184320K, used 158354K [0x0000000080000000, 0x0000000100000000)
  region size 1024K, 36 young (36864K), 5 survivors (5120K)
 Metaspace       used 94194K, committed 94976K, reserved 557056K
  class space    used 13140K, committed 13504K, reserved 425984K
}
Event: 44.186 GC heap after
{Heap after GC invocations=56 (full 0):
 garbage-first heap   total 184320K, used 128989K [0x0000000080000000, 0x0000000100000000)
  region size 1024K, 4 young (4096K), 4 survivors (4096K)
 Metaspace       used 94194K, committed 94976K, reserved 557056K
  class space    used 13140K, committed 13504K, reserved 425984K
}
Event: 44.454 GC heap before
{Heap before GC invocations=56 (full 0):
 garbage-first heap   total 184320K, used 159709K [0x0000000080000000, 0x0000000100000000)
  region size 1024K, 28 young (28672K), 4 survivors (4096K)
 Metaspace       used 94551K, committed 95360K, reserved 557056K
  class space    used 13183K, committed 13568K, reserved 425984K
}
Event: 44.459 GC heap after
{Heap after GC invocations=57 (full 0):
 garbage-first heap   total 221184K, used 134550K [0x0000000080000000, 0x0000000100000000)
  region size 1024K, 3 young (3072K), 3 survivors (3072K)
 Metaspace       used 94551K, committed 95360K, reserved 557056K
  class space    used 13183K, committed 13568K, reserved 425984K
}
Event: 312.383 GC heap before
{Heap before GC invocations=57 (full 0):
 garbage-first heap   total 221184K, used 187798K [0x0000000080000000, 0x0000000100000000)
  region size 1024K, 54 young (55296K), 3 survivors (3072K)
 Metaspace       used 97392K, committed 98176K, reserved 557056K
  class space    used 13480K, committed 13888K, reserved 425984K
}
Event: 312.388 GC heap after
{Heap after GC invocations=58 (full 0):
 garbage-first heap   total 221184K, used 133144K [0x0000000080000000, 0x0000000100000000)
  region size 1024K, 6 young (6144K), 6 survivors (6144K)
 Metaspace       used 97392K, committed 98176K, reserved 557056K
  class space    used 13480K, committed 13888K, reserved 425984K
}

